<?xml version="1.0" encoding="UTF-8"?>
<!-- Generated by org.testng.reporters.JUnitReportReporter -->
<testsuite hostname="LAPTOP-1T1LODP9" failures="0" tests="1" name="com.qualitystream.testng.test3" time="18.452" errors="0" timestamp="2021-09-10T15:55:32 ECT" skipped="0">
  <testcase classname="com.qualitystream.testng.test3" name="f" time="18.452"/>
  <system-out/>
</testsuite> <!-- com.qualitystream.testng.test3 -->
