<?xml version="1.0" encoding="UTF-8"?>
<!-- Generated by org.testng.reporters.JUnitReportReporter -->
<testsuite hostname="LAPTOP-1T1LODP9" failures="0" tests="1" name="com.qualitystream.testng.TestNGExample" time="8.259" errors="0" timestamp="2021-09-10T15:55:32 ECT" skipped="0">
  <testcase classname="com.qualitystream.testng.TestNGExample" name="f" time="8.259"/>
  <system-out/>
</testsuite> <!-- com.qualitystream.testng.TestNGExample -->
